
ROM used: 468 (1%)
          468 (1%) including unused fragments

          0 Average locations per line
          1 Average locations per statement

RAM used: 36 (2%) at main() level
          41 (3%) worst case

Stack used: 3 worst case (out of 31 total available)

Lines Stmts  %   Files
----- ----- ---  -----
    0     0   0  Lab_Interruptions.c
  122    34   6  hd44780.c
   27     0   0  projet.h
  398     0   0  18F2580.h
  163     0   0  stdint.h
   71     0   0  hd44780.h
   68    20   4  EEPROM.c
 1273   359  67  stdlib.h
   32     0   0  stddef.h
  409   121  23  string.h
   28     0   0  ctype.h
----- -----
 2591   534 Total

Page ROM  %  RAM   Vol Diff  Functions:
---- --- --- ---   --- ----  ----------
0      2   0   0             @const106
0     92  10   0    66  1.8  MAIN
0     40   4   3             @DIV88
0    108  12   2             @PRINTF_U_9600_31766_31767
0     56   6   0   295  3.2  INT_TIMER

Program metrics:
    Functions               2
    Statements              534
    Comments                105
    Volume (V)              429
    Difficilty (D)          4.7
    Effort to implement (E) 2032
    Time to implement (T)   2 minutes
    Est Delivered Bugs (B)  0
    Cyclomatic Complexity   4
    Maintainability (MI)    3

 Segment     Used  Free
-----------  ----  ----
00000-00002     4  0  
00004-00006     0  4  
00008-000AC   166  0  
000AE-07FFE   298  32296  



