
ROM used: 358 (1%)
          358 (1%) including unused fragments

          1 Average locations per line
          6 Average locations per statement

RAM used: 6 (0%) at main() level
          7 (0%) worst case

Stack used: 2 worst case (out of 31 total available)

Lines Stmts  %   Files
----- ----- ---  -----
   60    61 100  Projector_Basic_Control.c
  398     0   0  18F2580.h
----- -----
  458    61 Total

Page ROM  %  RAM   Vol Diff  Functions:
---- --- --- ---   --- ----  ----------
0     38   5   1             @delay_ms1
0      8   1   0             @PUTCHARI_BIU_1
0     32   4   0   138  3.0  cligne
0     96  13   0   505  1.4  Power_off
0     96  13   0   505  1.4  Power_on
0     84  12   1   163  2.6  MAIN

Program metrics:
    Functions               4
    Statements              61
    Comments                99
    Volume (V)              1776
    Difficilty (D)          8.7
    Effort to implement (E) 15508
    Time to implement (T)   14 minutes
    Est Delivered Bugs (B)  0
    Cyclomatic Complexity   3
    Maintainability (MI)    144

 Segment     Used  Free
-----------  ----  ----
00000-00002     4  0  
00004-07FFE   354  32410  



